[27-Mar-2025 19:53:33 Europe/Berlin] Requête reçue: /mgs_store/
[27-Mar-2025 19:53:33 Europe/Berlin] URI brute: /mgs_store/
[27-Mar-2025 19:53:33 Europe/Berlin] URI sans BASE_URL: /
[27-Mar-2025 19:53:33 Europe/Berlin] URI sans paramètres: /
[27-Mar-2025 19:53:33 Europe/Berlin] URI finale: 
[27-Mar-2025 19:53:33 Europe/Berlin] Tentative de correspondance avec route:  (regex: )
[27-Mar-2025 19:53:33 Europe/Berlin] Correspondance trouvée avec route: 
[27-Mar-2025 19:53:33 Europe/Berlin] Contrôleur: HomeController, Action: index, Params: []
[27-Mar-2025 19:53:33 Europe/Berlin] SESSION CART: Array
(
    [0] => Array
        (
            [id] => 12
            [name] => T-shirt Nike Enfant
            [price] => 29.99
            [quantity] => 1
            [image] => assets/images/teeshirtnikenfant2.jpg
            [stock] => 100
        )

)

[27-Mar-2025 19:53:33 Europe/Berlin] Requête reçue: /mgs_store/assets/images/payment-methods.png
[27-Mar-2025 19:53:33 Europe/Berlin] URI brute: /mgs_store/assets/images/payment-methods.png
[27-Mar-2025 19:53:33 Europe/Berlin] URI sans BASE_URL: /assets/images/payment-methods.png
[27-Mar-2025 19:53:33 Europe/Berlin] URI sans paramètres: /assets/images/payment-methods.png
[27-Mar-2025 19:53:33 Europe/Berlin] URI finale: assets/images/payment-methods.png
[27-Mar-2025 19:53:33 Europe/Berlin] Tentative de correspondance avec route:  (regex: )
[27-Mar-2025 19:53:33 Europe/Berlin] Tentative de correspondance avec route: home (regex: home)
[27-Mar-2025 19:53:33 Europe/Berlin] Tentative de correspondance avec route: product/category (regex: product\/category)
[27-Mar-2025 19:53:33 Europe/Berlin] Tentative de correspondance avec route: product/category/:slug (regex: product\/category\/([^\/]+))
[27-Mar-2025 19:53:33 Europe/Berlin] Tentative de correspondance avec route: product/category/:category/:subcategory (regex: product\/category\/([^\/]+)\/([^\/]+))
[27-Mar-2025 19:53:33 Europe/Berlin] Tentative de correspondance avec route: product/detail/:id (regex: product\/detail\/([^\/]+))
[27-Mar-2025 19:53:33 Europe/Berlin] Tentative de correspondance avec route: product/nouveautes (regex: product\/nouveautes)
[27-Mar-2025 19:53:33 Europe/Berlin] Tentative de correspondance avec route: product/promotions (regex: product\/promotions)
[27-Mar-2025 19:53:33 Europe/Berlin] Tentative de correspondance avec route: cart (regex: cart)
[27-Mar-2025 19:53:33 Europe/Berlin] Tentative de correspondance avec route: cart/add/:id (regex: cart\/add\/([^\/]+))
[27-Mar-2025 19:53:33 Europe/Berlin] Tentative de correspondance avec route: cart/update (regex: cart\/update)
[27-Mar-2025 19:53:33 Europe/Berlin] Tentative de correspondance avec route: cart/remove/:id (regex: cart\/remove\/([^\/]+))
[27-Mar-2025 19:53:33 Europe/Berlin] Tentative de correspondance avec route: cart/clear (regex: cart\/clear)
[27-Mar-2025 19:53:33 Europe/Berlin] Tentative de correspondance avec route: checkout (regex: checkout)
[27-Mar-2025 19:53:33 Europe/Berlin] Tentative de correspondance avec route: checkout/process (regex: checkout\/process)
[27-Mar-2025 19:53:33 Europe/Berlin] Tentative de correspondance avec route: checkout/confirmation/:id (regex: checkout\/confirmation\/([^\/]+))
[27-Mar-2025 19:53:33 Europe/Berlin] Tentative de correspondance avec route: auth/login (regex: auth\/login)
[27-Mar-2025 19:53:33 Europe/Berlin] Tentative de correspondance avec route: auth/register (regex: auth\/register)
[27-Mar-2025 19:53:33 Europe/Berlin] Tentative de correspondance avec route: auth/processLogin (regex: auth\/processLogin)
[27-Mar-2025 19:53:33 Europe/Berlin] Tentative de correspondance avec route: auth/processRegister (regex: auth\/processRegister)
[27-Mar-2025 19:53:33 Europe/Berlin] Tentative de correspondance avec route: auth/logout (regex: auth\/logout)
[27-Mar-2025 19:53:33 Europe/Berlin] Tentative de correspondance avec route: auth/profile (regex: auth\/profile)
[27-Mar-2025 19:53:33 Europe/Berlin] Tentative de correspondance avec route: auth/updateProfile (regex: auth\/updateProfile)
[27-Mar-2025 19:53:33 Europe/Berlin] Tentative de correspondance avec route: order/history (regex: order\/history)
[27-Mar-2025 19:53:33 Europe/Berlin] Tentative de correspondance avec route: order/detail/:id (regex: order\/detail\/([^\/]+))
[27-Mar-2025 19:53:33 Europe/Berlin] Tentative de correspondance avec route: order/cancel/:id (regex: order\/cancel\/([^\/]+))
[27-Mar-2025 19:53:33 Europe/Berlin] Tentative de correspondance avec route: invoice (regex: invoice)
[27-Mar-2025 19:53:33 Europe/Berlin] Tentative de correspondance avec route: invoice/view/:id (regex: invoice\/view\/([^\/]+))
[27-Mar-2025 19:53:33 Europe/Berlin] Tentative de correspondance avec route: invoice/download/:id (regex: invoice\/download\/([^\/]+))
[27-Mar-2025 19:53:33 Europe/Berlin] Tentative de correspondance avec route: admin (regex: admin)
[27-Mar-2025 19:53:33 Europe/Berlin] Tentative de correspondance avec route: admin/orders (regex: admin\/orders)
[27-Mar-2025 19:53:33 Europe/Berlin] Tentative de correspondance avec route: admin/order/:id (regex: admin\/order\/([^\/]+))
[27-Mar-2025 19:53:33 Europe/Berlin] Tentative de correspondance avec route: admin/products (regex: admin\/products)
[27-Mar-2025 19:53:33 Europe/Berlin] Tentative de correspondance avec route: admin/product/add (regex: admin\/product\/add)
[27-Mar-2025 19:53:33 Europe/Berlin] Tentative de correspondance avec route: admin/product/edit/:id (regex: admin\/product\/edit\/([^\/]+))
[27-Mar-2025 19:53:33 Europe/Berlin] Tentative de correspondance avec route: admin/products/delete/:id (regex: admin\/products\/delete\/([^\/]+))
[27-Mar-2025 19:53:33 Europe/Berlin] Tentative de correspondance avec route: admin/orders/detail/:id (regex: admin\/orders\/detail\/([^\/]+))
[27-Mar-2025 19:53:33 Europe/Berlin] Tentative de correspondance avec route: admin/orders/status/:id/:status (regex: admin\/orders\/status\/([^\/]+)\/([^\/]+))
[27-Mar-2025 19:53:33 Europe/Berlin] Tentative de correspondance avec route: 404 (regex: 404)
[27-Mar-2025 19:53:33 Europe/Berlin] Aucune route correspondante trouvée, redirection vers 404
[27-Mar-2025 19:53:33 Europe/Berlin] SESSION CART: Array
(
    [0] => Array
        (
            [id] => 12
            [name] => T-shirt Nike Enfant
            [price] => 29.99
            [quantity] => 1
            [image] => assets/images/teeshirtnikenfant2.jpg
            [stock] => 100
        )

)

